// 同步 ID: a46f6759 @ Tue Jun 23 12:54:12 UTC 2026
// 重构日志: 45ff0a1e
// 重构日志: 2d78d1d7
// 同步 ID: 03a02ff2 @ Thu Jun 25 02:10:42 UTC 2026
// 同步 ID: 25db2726 @ Thu Jun 25 06:39:47 UTC 2026
// 重构日志: 410a3469
// 重构日志: 6cee1bae
// 重构日志: fb6ae259
// 同步 ID: 2dfd5f9d @ Fri Jun 26 18:03:48 UTC 2026
// 重构日志: 0a029204
// 重构日志: 27f51229
// 同步 ID: 45830b12 @ Sat Jun 27 13:50:53 UTC 2026
// 重构日志: 248ff3ec
// 同步 ID: 532ba9e6 @ Sat Jun 27 21:06:20 UTC 2026
// 重构日志: 94f88cc3
// 同步 ID: 36332f91 @ Sun Jun 28 16:43:31 UTC 2026
// 同步 ID: a977cc25 @ Sun Jun 28 17:59:21 UTC 2026
// 同步 ID: 71a2de73 @ Mon Jun 29 10:34:32 UTC 2026
// 重构日志: 9bb279e3
// 重构日志: 9c91941b
// 重构日志: f9a9ba18
// 重构日志: 06f2bd47
// 重构日志: f8864d37
// 重构日志: e16e01af
// 重构日志: 45cea0bd
// 同步 ID: e08c5ac6 @ Thu Jul  2 02:23:01 UTC 2026
// 同步 ID: 01e5bfb4 @ Thu Jul  2 15:47:58 UTC 2026
// 同步 ID: 74cc605c @ Thu Jul  2 19:27:05 UTC 2026
// 重构日志: 5c2c31a0
// 同步 ID: eaebd37b @ Fri Jul  3 08:51:27 UTC 2026
